<?xml version="1.0" encoding="UTF-8"?>
<testng-results ignored="0" total="2" passed="2" failed="0" skipped="0">
  <reporter-output>
  </reporter-output>
  <suite started-at="2026-04-25T10:20:20 IST" name="Surefire suite" finished-at="2026-04-25T10:20:29 IST" duration-ms="8490">
    <groups>
    </groups>
    <test started-at="2026-04-25T10:20:20 IST" name="Surefire test" finished-at="2026-04-25T10:20:29 IST" duration-ms="8490">
      <class name="tests.UserTest">
        <test-method is-config="true" signature="setup()[pri:0, instance:tests.UserTest@7adda9cc]" started-at="2026-04-25T10:20:21 IST" name="setup" finished-at="2026-04-25T10:20:23 IST" duration-ms="1576" status="PASS">
          <reporter-output>
          </reporter-output>
        </test-method> <!-- setup -->
        <test-method signature="testCRUDFlow()[pri:0, instance:tests.UserTest@7adda9cc]" started-at="2026-04-25T10:20:23 IST" name="testCRUDFlow" finished-at="2026-04-25T10:20:28 IST" duration-ms="5615" status="PASS">
          <reporter-output>
          </reporter-output>
        </test-method> <!-- testCRUDFlow -->
        <test-method signature="testUserNotFound()[pri:0, instance:tests.UserTest@7adda9cc]" started-at="2026-04-25T10:20:28 IST" name="testUserNotFound" finished-at="2026-04-25T10:20:29 IST" duration-ms="674" status="PASS">
          <reporter-output>
          </reporter-output>
        </test-method> <!-- testUserNotFound -->
      </class> <!-- tests.UserTest -->
    </test> <!-- Surefire test -->
  </suite> <!-- Surefire suite -->
</testng-results>
